<?xml version="1.0" encoding="UTF-8"?>
<!-- Generated by org.testng.reporters.JUnitReportReporter -->
<testsuite hostname="visuNitro5" failures="0" tests="1" name="seleniumplayground.tests.TestCase01" time="12.135" errors="0" timestamp="2024-09-14T00:33:38 IST" skipped="0">
  <testcase classname="seleniumplayground.tests.TestCase01" name="executeTestCase01" time="12.135"/>
  <system-out/>
</testsuite> <!-- seleniumplayground.tests.TestCase01 -->
